生成启动时间为 2017/12/28 15:38:32。
     1>项目“E:\MySQL and C++\SQL语言 授课内容\2015211862fileSever\2015211862TCPSever\2015211862TCPSever.vcxproj”在节点 2 上(Build 个目标)。
     1>ClCompile:
         G:\VS2013 Install\VC\bin\CL.exe /c /ZI /nologo /W3 /WX- /sdl- /Od /Oy- /D WIN32 /D _WINDOWS /D _DEBUG /D _UNICODE /D UNICODE /D _AFXDLL /Gm /EHsc /RTC1 /MDd /GS /fp:precise /Zc:wchar_t /Zc:forScope /Yu"stdafx.h" /Fp"Debug\2015211862TCPSever.pch" /Fo"Debug\\" /Fd"Debug\vc120.pdb" /Gd /TP /analyze- /errorReport:prompt 2015211862TCPSeverDlg.cpp
         2015211862TCPSeverDlg.cpp
     1>e:\mysql and c++\sql语言 授课内容\2015211862filesever\2015211862tcpsever\2015211862tcpseverdlg.cpp(58): warning C4996: 'inet_ntoa': Use inet_ntop() or InetNtop() instead or define _WINSOCK_DEPRECATED_NO_WARNINGS to disable deprecated API warnings
                 c:\program files (x86)\windows kits\8.1\include\um\winsock2.h(1868) : 参见“inet_ntoa”的声明
     1>e:\mysql and c++\sql语言 授课内容\2015211862filesever\2015211862tcpsever\2015211862tcpseverdlg.cpp(284): warning C4996: 'gethostbyname': Use getaddrinfo() or GetAddrInfoW() instead or define _WINSOCK_DEPRECATED_NO_WARNINGS to disable deprecated API warnings
                 c:\program files (x86)\windows kits\8.1\include\um\winsock2.h(2238) : 参见“gethostbyname”的声明
     1>e:\mysql and c++\sql语言 授课内容\2015211862filesever\2015211862tcpsever\2015211862tcpseverdlg.cpp(304): warning C4996: 'inet_addr': Use inet_pton() or InetPton() instead or define _WINSOCK_DEPRECATED_NO_WARNINGS to disable deprecated API warnings
                 c:\program files (x86)\windows kits\8.1\include\um\winsock2.h(1850) : 参见“inet_addr”的声明
       Link:
         G:\VS2013 Install\VC\bin\link.exe /ERRORREPORT:PROMPT /OUT:"E:\MySQL and C++\SQL语言 授课内容\2015211862fileSever\Debug\2015211862TCPSever.exe" /INCREMENTAL /NOLOGO /MANIFEST /MANIFESTUAC:"level='asInvoker' uiAccess='false'" /manifest:embed /manifestinput:"G:\VS2013 Install\VC\Include\Manifest\dpiaware.manifest" /DEBUG /PDB:"E:\MySQL and C++\SQL语言 授课内容\2015211862fileSever\Debug\2015211862TCPSever.pdb" /SUBSYSTEM:WINDOWS /TLBID:1 /ENTRY:"wWinMainCRTStartup" /DYNAMICBASE /NXCOMPAT /IMPLIB:"E:\MySQL and C++\SQL语言 授课内容\2015211862fileSever\Debug\2015211862TCPSever.lib" /MACHINE:X86 Debug\2015211862TCPSever.res
         Debug\2015211862TCPSever.obj
         Debug\2015211862TCPSeverDlg.obj
         Debug\stdafx.obj
         2015211862TCPSever.vcxproj -> E:\MySQL and C++\SQL语言 授课内容\2015211862fileSever\Debug\2015211862TCPSever.exe
     1>已完成生成项目“E:\MySQL and C++\SQL语言 授课内容\2015211862fileSever\2015211862TCPSever\2015211862TCPSever.vcxproj”(Build 个目标)的操作。

生成成功。

已用时间 00:00:01.42
