生成启动时间为 2017/12/28 14:31:28。
     1>项目“E:\MySQL and C++\SQL语言 授课内容\2015211862TCPClient\2015211862TCPClient\2015211862TCPClient.vcxproj”在节点 2 上(Build 个目标)。
     1>ClCompile:
         G:\VS2013 Install\VC\bin\CL.exe /c /ZI /nologo /W3 /WX- /sdl- /Od /Oy- /D WIN32 /D _WINDOWS /D _DEBUG /D _UNICODE /D UNICODE /D _AFXDLL /Gm /EHsc /RTC1 /MDd /GS /fp:precise /Zc:wchar_t /Zc:forScope /Yc"stdafx.h" /Fp"Debug\2015211862TCPClient.pch" /Fo"Debug\\" /Fd"Debug\vc120.pdb" /Gd /TP /analyze- /errorReport:prompt stdafx.cpp
         stdafx.cpp
         G:\VS2013 Install\VC\bin\CL.exe /c /ZI /nologo /W3 /WX- /sdl- /Od /Oy- /D WIN32 /D _WINDOWS /D _DEBUG /D _UNICODE /D UNICODE /D _AFXDLL /Gm /EHsc /RTC1 /MDd /GS /fp:precise /Zc:wchar_t /Zc:forScope /Yu"stdafx.h" /Fp"Debug\2015211862TCPClient.pch" /Fo"Debug\\" /Fd"Debug\vc120.pdb" /Gd /TP /analyze- /errorReport:prompt 2015211862TCPClient.cpp 2015211862TCPClientDlg.cpp
         2015211862TCPClientDlg.cpp
     1>e:\mysql and c++\sql语言 授课内容\2015211862tcpclient\2015211862tcpclient\2015211862tcpclientdlg.cpp(226): warning C4996: 'inet_addr': Use inet_pton() or InetPton() instead or define _WINSOCK_DEPRECATED_NO_WARNINGS to disable deprecated API warnings
                 c:\program files (x86)\windows kits\8.1\include\um\winsock2.h(1850) : 参见“inet_addr”的声明
         2015211862TCPClient.cpp
         正在生成代码...
       ResourceCompile:
         C:\Program Files (x86)\Windows Kits\8.1\bin\x86\rc.exe /D _DEBUG /D _UNICODE /D UNICODE /D _AFXDLL /l"0x0804" /IDebug\ /nologo /fo"Debug\2015211862TCPClient.res" 2015211862TCPClient.rc 
       Link:
         G:\VS2013 Install\VC\bin\link.exe /ERRORREPORT:PROMPT /OUT:"E:\MySQL and C++\SQL语言 授课内容\2015211862TCPClient\Debug\2015211862TCPClient.exe" /INCREMENTAL /NOLOGO /MANIFEST /MANIFESTUAC:"level='asInvoker' uiAccess='false'" /manifest:embed /manifestinput:"G:\VS2013 Install\VC\Include\Manifest\dpiaware.manifest" /DEBUG /PDB:"E:\MySQL and C++\SQL语言 授课内容\2015211862TCPClient\Debug\2015211862TCPClient.pdb" /SUBSYSTEM:WINDOWS /TLBID:1 /ENTRY:"wWinMainCRTStartup" /DYNAMICBASE /NXCOMPAT /IMPLIB:"E:\MySQL and C++\SQL语言 授课内容\2015211862TCPClient\Debug\2015211862TCPClient.lib" /MACHINE:X86 Debug\2015211862TCPClient.res
         Debug\2015211862TCPClient.obj
         Debug\2015211862TCPClientDlg.obj
         Debug\stdafx.obj
         2015211862TCPClient.vcxproj -> E:\MySQL and C++\SQL语言 授课内容\2015211862TCPClient\Debug\2015211862TCPClient.exe
     1>已完成生成项目“E:\MySQL and C++\SQL语言 授课内容\2015211862TCPClient\2015211862TCPClient\2015211862TCPClient.vcxproj”(Build 个目标)的操作。

生成成功。

已用时间 00:00:06.10
